0 info it worked if it ends with ok
1 verbose cli [ '/home/rickbutler/.nvm/versions/node/v6.11.0/bin/node',
1 verbose cli   '/home/rickbutler/.nvm/versions/node/v6.11.0/bin/npm',
1 verbose cli   'run',
1 verbose cli   'flow' ]
2 info using npm@3.10.10
3 info using node@v6.11.0
4 verbose run-script [ 'preflow', 'flow', 'postflow' ]
5 info lifecycle squidjs@0.0.1~preflow: squidjs@0.0.1
6 silly lifecycle squidjs@0.0.1~preflow: no script for preflow, continuing
7 info lifecycle squidjs@0.0.1~flow: squidjs@0.0.1
8 verbose lifecycle squidjs@0.0.1~flow: unsafe-perm in lifecycle true
9 verbose lifecycle squidjs@0.0.1~flow: PATH: /home/rickbutler/.nvm/versions/node/v6.11.0/lib/node_modules/npm/bin/node-gyp-bin:/home/rickbutler/SquidJS/node_modules/.bin:/home/rickbutler/.nvm/versions/node/v6.11.0/bin:/usr/local/sbin:/usr/local/bin:/usr/sbin:/usr/bin:/sbin:/bin:/usr/games:/usr/local/games:/snap/bin
10 verbose lifecycle squidjs@0.0.1~flow: CWD: /home/rickbutler/SquidJS
11 silly lifecycle squidjs@0.0.1~flow: Args: [ '-c', 'flow' ]
12 silly lifecycle squidjs@0.0.1~flow: Returned: code: 2  signal: null
13 info lifecycle squidjs@0.0.1~flow: Failed to exec flow script
14 verbose stack Error: squidjs@0.0.1 flow: `flow`
14 verbose stack Exit status 2
14 verbose stack     at EventEmitter.<anonymous> (/home/rickbutler/.nvm/versions/node/v6.11.0/lib/node_modules/npm/lib/utils/lifecycle.js:255:16)
14 verbose stack     at emitTwo (events.js:106:13)
14 verbose stack     at EventEmitter.emit (events.js:191:7)
14 verbose stack     at ChildProcess.<anonymous> (/home/rickbutler/.nvm/versions/node/v6.11.0/lib/node_modules/npm/lib/utils/spawn.js:40:14)
14 verbose stack     at emitTwo (events.js:106:13)
14 verbose stack     at ChildProcess.emit (events.js:191:7)
14 verbose stack     at maybeClose (internal/child_process.js:891:16)
14 verbose stack     at Process.ChildProcess._handle.onexit (internal/child_process.js:226:5)
15 verbose pkgid squidjs@0.0.1
16 verbose cwd /home/rickbutler/SquidJS
17 error Linux 4.4.0-116-generic
18 error argv "/home/rickbutler/.nvm/versions/node/v6.11.0/bin/node" "/home/rickbutler/.nvm/versions/node/v6.11.0/bin/npm" "run" "flow"
19 error node v6.11.0
20 error npm  v3.10.10
21 error code ELIFECYCLE
22 error squidjs@0.0.1 flow: `flow`
22 error Exit status 2
23 error Failed at the squidjs@0.0.1 flow script 'flow'.
23 error Make sure you have the latest version of node.js and npm installed.
23 error If you do, this is most likely a problem with the squidjs package,
23 error not with npm itself.
23 error Tell the author that this fails on your system:
23 error     flow
23 error You can get information on how to open an issue for this project with:
23 error     npm bugs squidjs
23 error Or if that isn't available, you can get their info via:
23 error     npm owner ls squidjs
23 error There is likely additional logging output above.
24 verbose exit [ 1, true ]
